\BOOKMARK [1][-]{section.1}{\376\377\133\236\232\214\200\314\146\157}{}% 1
\BOOKMARK [2][-]{subsection.1.1}{\376\377\225\356\230\230\133\232\116\111\143\317\217\360}{section.1}% 2
\BOOKMARK [2][-]{subsection.1.2}{\376\377\145\160\143\156\226\306\116\313\176\315}{section.1}% 3
\BOOKMARK [2][-]{subsection.1.3}{\376\377\173\227\154\325\123\237\164\006\116\313\176\315}{section.1}% 4
\BOOKMARK [3][-]{subsubsection.1.3.1}{\376\377\176\277\140\047\122\006\174\173\126\150}{subsection.1.3}% 5
\BOOKMARK [3][-]{subsubsection.1.3.2}{\376\377\227\136\176\277\140\047\122\006\174\173\126\150}{subsection.1.3}% 6
\BOOKMARK [3][-]{subsubsection.1.3.3}{\376\377\121\263\173\126\150\021}{subsection.1.3}% 7
\BOOKMARK [3][-]{subsubsection.1.3.4}{\376\377\226\306\142\020\145\271\154\325}{subsection.1.3}% 8
\BOOKMARK [3][-]{subsubsection.1.3.5}{\376\377\200\132\174\173\173\227\154\325}{subsection.1.3}% 9
\BOOKMARK [3][-]{subsubsection.1.3.6}{\376\377\171\136\176\317\177\121\176\334}{subsection.1.3}% 10
\BOOKMARK [1][-]{section.2}{\376\377\133\236\232\214\155\101\172\013}{}% 11
\BOOKMARK [2][-]{subsection.2.1}{\376\377\133\236\232\214\213\276\177\156}{section.2}% 12
\BOOKMARK [3][-]{subsubsection.2.1.1}{\376\377\145\160\143\156\230\204\131\004\164\006}{subsection.2.1}% 13
\BOOKMARK [3][-]{subsubsection.2.1.2}{\376\377\213\304\117\060\150\007\121\306}{subsection.2.1}% 14
\BOOKMARK [2][-]{subsection.2.2}{\376\377\176\277\140\047\122\006\174\173\126\150\213\255\176\303\155\101\172\013}{section.2}% 15
\BOOKMARK [2][-]{subsection.2.3}{\376\377\227\136\176\277\140\047\122\006\174\173\126\150\377\010\000X\000G\000B\000o\000o\000s\000t\377\011\213\255\176\303\155\101\172\013}{section.2}% 16
\BOOKMARK [2][-]{subsection.2.4}{\376\377\226\217\147\072\150\356\147\227\152\041\127\213\213\255\176\303\155\101\172\013}{section.2}% 17
\BOOKMARK [2][-]{subsection.2.5}{\376\377\226\306\142\020\145\271\154\325}{section.2}% 18
\BOOKMARK [2][-]{subsection.2.6}{\376\377\200\132\174\173\173\227\154\325}{section.2}% 19
\BOOKMARK [2][-]{subsection.2.7}{\376\377\171\136\176\317\177\121\176\334}{section.2}% 20
\BOOKMARK [1][-]{section.3}{\376\377\133\236\232\214\176\323\147\234}{}% 21
\BOOKMARK [2][-]{subsection.3.1}{\376\377\176\277\140\047\122\006\174\173\126\150}{section.3}% 22
\BOOKMARK [3][-]{subsubsection.3.1.1}{\376\377\133\236\232\214\217\223\121\372\122\006\147\220}{subsection.3.1}% 23
\BOOKMARK [3][-]{subsubsection.3.1.2}{\376\377\162\171\137\201\221\315\211\201\140\047\122\006\147\220}{subsection.3.1}% 24
\BOOKMARK [3][-]{subsubsection.3.1.3}{\376\377\152\041\127\213\134\100\226\120\140\047\116\016\145\071\217\333\145\271\124\021}{subsection.3.1}% 25
\BOOKMARK [2][-]{subsection.3.2}{\376\377\227\136\176\277\140\047\122\006\174\173\126\150\000\050\000X\000G\000B\000o\000o\000s\000t\000\051}{section.3}% 26
\BOOKMARK [3][-]{subsubsection.3.2.1}{\376\377\133\236\232\214\217\223\121\372\122\006\147\220}{subsection.3.2}% 27
\BOOKMARK [3][-]{subsubsection.3.2.2}{\376\377\162\171\137\201\221\315\211\201\140\047\122\006\147\220}{subsection.3.2}% 28
\BOOKMARK [3][-]{subsubsection.3.2.3}{\376\377\152\041\127\213\117\030\122\277\116\016\145\071\217\333\145\271\124\021}{subsection.3.2}% 29
\BOOKMARK [2][-]{subsection.3.3}{\376\377\226\217\147\072\150\356\147\227}{section.3}% 30
\BOOKMARK [3][-]{subsubsection.3.3.1}{\376\377\133\236\232\214\217\223\121\372\122\006\147\220}{subsection.3.3}% 31
\BOOKMARK [3][-]{subsubsection.3.3.2}{\376\377\162\171\137\201\221\315\211\201\140\047\122\006\147\220}{subsection.3.3}% 32
\BOOKMARK [3][-]{subsubsection.3.3.3}{\376\377\152\041\127\213\134\100\226\120\140\047\116\016\145\071\217\333\145\271\124\021}{subsection.3.3}% 33
\BOOKMARK [2][-]{subsection.3.4}{\376\377\226\306\142\020\145\271\154\325}{section.3}% 34
\BOOKMARK [3][-]{subsubsection.3.4.1}{\376\377\133\236\232\214\217\223\121\372\122\006\147\220}{subsection.3.4}% 35
\BOOKMARK [3][-]{subsubsection.3.4.2}{\376\377\162\171\137\201\221\315\211\201\140\047\122\006\147\220}{subsection.3.4}% 36
\BOOKMARK [3][-]{subsubsection.3.4.3}{\376\377\152\041\127\213\134\100\226\120\140\047\116\016\145\071\217\333\145\271\124\021}{subsection.3.4}% 37
\BOOKMARK [2][-]{subsection.3.5}{\376\377\200\132\174\173\173\227\154\325}{section.3}% 38
\BOOKMARK [3][-]{subsubsection.3.5.1}{\376\377\133\236\232\214\217\223\121\372\122\006\147\220}{subsection.3.5}% 39
\BOOKMARK [3][-]{subsubsection.3.5.2}{\376\377\162\171\137\201\221\315\211\201\140\047\122\006\147\220}{subsection.3.5}% 40
\BOOKMARK [3][-]{subsubsection.3.5.3}{\376\377\152\041\127\213\134\100\226\120\140\047\116\016\145\071\217\333\145\271\124\021}{subsection.3.5}% 41
\BOOKMARK [2][-]{subsection.3.6}{\376\377\171\136\176\317\177\121\176\334}{section.3}% 42
\BOOKMARK [3][-]{subsubsection.3.6.1}{\376\377\133\236\232\214\217\223\121\372\122\006\147\220}{subsection.3.6}% 43
\BOOKMARK [3][-]{subsubsection.3.6.2}{\376\377\162\171\137\201\221\315\211\201\140\047\122\006\147\220}{subsection.3.6}% 44
\BOOKMARK [3][-]{subsubsection.3.6.3}{\376\377\152\041\127\213\134\100\226\120\140\047\116\016\145\071\217\333\145\271\124\021}{subsection.3.6}% 45
\BOOKMARK [2][-]{subsection.3.7}{\376\377\152\041\127\213\117\030\122\243\122\006\147\220}{section.3}% 46
